
2017.03.23 14:56:21
.客户信息：
	Ip:::1
	浏览器:Safari
	浏览器版本:9
	操作系统:Unknown
.错误信息：
	页面：http://localhost:8095/RedbookCommon.ashx?action=getBookList
	错误信息：文件“/RedbookCommon.ashx”不存在。
	错误源：System.Web
	异常方法：Void CheckVirtualFileExists(System.Web.VirtualPath)
	堆栈信息：   在 System.Web.UI.Util.CheckVirtualFileExists(VirtualPath virtualPath)
   在 System.Web.Compilation.BuildManager.GetVPathBuildResultInternal(VirtualPath virtualPath, Boolean noBuild, Boolean allowCrossApp, Boolean allowBuildInPrecompile, Boolean throwIfNotFound, Boolean ensureIsUpToDate)
   在 System.Web.Compilation.BuildManager.GetVPathBuildResultWithNoAssert(HttpContext context, VirtualPath virtualPath, Boolean noBuild, Boolean allowCrossApp, Boolean allowBuildInPrecompile, Boolean throwIfNotFound, Boolean ensureIsUpToDate)
   在 System.Web.Compilation.BuildManager.GetVPathBuildResult(HttpContext context, VirtualPath virtualPath, Boolean noBuild, Boolean allowCrossApp, Boolean allowBuildInPrecompile, Boolean ensureIsUpToDate)
   在 System.Web.UI.SimpleHandlerFactory.System.Web.IHttpHandlerFactory2.GetHandler(HttpContext context, String requestType, VirtualPath virtualPath, String physicalPath)
   在 System.Web.UI.SimpleHandlerFactory.GetHandler(HttpContext context, String requestType, String virtualPath, String path)
   在 System.Web.HttpApplication.MaterializeHandlerExecutionStep.System.Web.HttpApplication.IExecutionStep.Execute()
   在 System.Web.HttpApplication.ExecuteStep(IExecutionStep step, Boolean& completedSynchronously)
--------------------------------------------------------------------------------------------------
2017.03.23 14:59:01
.客户信息：
	Ip:::1
	浏览器:Safari
	浏览器版本:9
	操作系统:Unknown
.错误信息：
	页面：http://localhost:8095/RedbookCommon.ashx?action=getBookList
	错误信息：文件“/RedbookCommon.ashx”不存在。
	错误源：System.Web
	异常方法：Void CheckVirtualFileExists(System.Web.VirtualPath)
	堆栈信息：   在 System.Web.UI.Util.CheckVirtualFileExists(VirtualPath virtualPath)
   在 System.Web.Compilation.BuildManager.GetVPathBuildResultInternal(VirtualPath virtualPath, Boolean noBuild, Boolean allowCrossApp, Boolean allowBuildInPrecompile, Boolean throwIfNotFound, Boolean ensureIsUpToDate)
   在 System.Web.Compilation.BuildManager.GetVPathBuildResultWithNoAssert(HttpContext context, VirtualPath virtualPath, Boolean noBuild, Boolean allowCrossApp, Boolean allowBuildInPrecompile, Boolean throwIfNotFound, Boolean ensureIsUpToDate)
   在 System.Web.Compilation.BuildManager.GetVPathBuildResult(HttpContext context, VirtualPath virtualPath, Boolean noBuild, Boolean allowCrossApp, Boolean allowBuildInPrecompile, Boolean ensureIsUpToDate)
   在 System.Web.UI.SimpleHandlerFactory.System.Web.IHttpHandlerFactory2.GetHandler(HttpContext context, String requestType, VirtualPath virtualPath, String physicalPath)
   在 System.Web.UI.SimpleHandlerFactory.GetHandler(HttpContext context, String requestType, String virtualPath, String path)
   在 System.Web.HttpApplication.MaterializeHandlerExecutionStep.System.Web.HttpApplication.IExecutionStep.Execute()
   在 System.Web.HttpApplication.ExecuteStep(IExecutionStep step, Boolean& completedSynchronously)
--------------------------------------------------------------------------------------------------
2017.03.23 15:02:33
.客户信息：
	Ip:::1
	浏览器:Chrome
	浏览器版本:55
	操作系统:WinNT
.错误信息：
	页面：http://localhost:8095/internalapi/RedbookCommon.ashx?action=getBookList
	错误信息：远程服务器返回错误: (500) 内部服务器错误。
	错误源：System
	异常方法：System.Net.WebResponse GetResponse()
	堆栈信息：   在 System.Net.HttpWebRequest.GetResponse()
   在 Taotaole.Common.WebUtils.DoPost(String url, String value) 位置 C:\project\RedBook\01工程\03编码\RedBook\Taotaole.Common\WebUtils.cs:行号 80
   在 RedBook.internalapi.RedbookCommon.getBookList(HttpContext context) 位置 C:\project\RedBook\01工程\03编码\RedBook\RedBook\internalapi\RedbookCommon.ashx.cs:行号 43
   在 RedBook.internalapi.RedbookCommon.ProcessRequest(HttpContext context) 位置 C:\project\RedBook\01工程\03编码\RedBook\RedBook\internalapi\RedbookCommon.ashx.cs:行号 20
   在 System.Web.HttpApplication.CallHandlerExecutionStep.System.Web.HttpApplication.IExecutionStep.Execute()
   在 System.Web.HttpApplication.ExecuteStep(IExecutionStep step, Boolean& completedSynchronously)
--------------------------------------------------------------------------------------------------
2017.03.23 15:03:57
.客户信息：
	Ip:::1
	浏览器:Chrome
	浏览器版本:55
	操作系统:WinNT
.错误信息：
	页面：http://localhost:8095/internalapi/RedbookCommon.ashx?action=getBookList
	错误信息：远程服务器返回错误: (500) 内部服务器错误。
	错误源：System
	异常方法：System.Net.WebResponse GetResponse()
	堆栈信息：   在 System.Net.HttpWebRequest.GetResponse()
   在 Taotaole.Common.WebUtils.DoPost(String url, String value) 位置 C:\project\RedBook\01工程\03编码\RedBook\Taotaole.Common\WebUtils.cs:行号 80
   在 RedBook.internalapi.RedbookCommon.getBookList(HttpContext context) 位置 C:\project\RedBook\01工程\03编码\RedBook\RedBook\internalapi\RedbookCommon.ashx.cs:行号 43
   在 RedBook.internalapi.RedbookCommon.ProcessRequest(HttpContext context) 位置 C:\project\RedBook\01工程\03编码\RedBook\RedBook\internalapi\RedbookCommon.ashx.cs:行号 20
   在 System.Web.HttpApplication.CallHandlerExecutionStep.System.Web.HttpApplication.IExecutionStep.Execute()
   在 System.Web.HttpApplication.ExecuteStep(IExecutionStep step, Boolean& completedSynchronously)
--------------------------------------------------------------------------------------------------
2017.03.23 16:03:36
.客户信息：
	Ip:::1
	浏览器:Chrome
	浏览器版本:55
	操作系统:WinNT
.错误信息：
	页面：http://localhost:8095/internalapi/RedbookCommon.ashx?action=getBookContent&bookid=9667A4C3-CC00-4C83-952D-A33B65F47722
	错误信息：远程服务器返回错误: (500) 内部服务器错误。
	错误源：System
	异常方法：System.Net.WebResponse GetResponse()
	堆栈信息：   在 System.Net.HttpWebRequest.GetResponse()
   在 Taotaole.Common.WebUtils.DoPost(String url, String value) 位置 C:\project\RedBook\01工程\03编码\RedBook\Taotaole.Common\WebUtils.cs:行号 80
   在 RedBook.internalapi.RedbookCommon.getBookContent(HttpContext context) 位置 C:\project\RedBook\01工程\03编码\RedBook\RedBook\internalapi\RedbookCommon.ashx.cs:行号 40
   在 RedBook.internalapi.RedbookCommon.ProcessRequest(HttpContext context) 位置 C:\project\RedBook\01工程\03编码\RedBook\RedBook\internalapi\RedbookCommon.ashx.cs:行号 23
   在 System.Web.HttpApplication.CallHandlerExecutionStep.System.Web.HttpApplication.IExecutionStep.Execute()
   在 System.Web.HttpApplication.ExecuteStep(IExecutionStep step, Boolean& completedSynchronously)
--------------------------------------------------------------------------------------------------
2017.03.23 16:04:38
.客户信息：
	Ip:::1
	浏览器:Chrome
	浏览器版本:55
	操作系统:WinNT
.错误信息：
	页面：http://localhost:8095/internalapi/RedbookCommon.ashx?action=getBookContent&bookid=9667A4C3-CC00-4C83-952D-A33B65F47722
	错误信息：远程服务器返回错误: (500) 内部服务器错误。
	错误源：System
	异常方法：System.Net.WebResponse GetResponse()
	堆栈信息：   在 System.Net.HttpWebRequest.GetResponse()
   在 Taotaole.Common.WebUtils.DoPost(String url, String value) 位置 C:\project\RedBook\01工程\03编码\RedBook\Taotaole.Common\WebUtils.cs:行号 80
   在 RedBook.internalapi.RedbookCommon.getBookContent(HttpContext context) 位置 C:\project\RedBook\01工程\03编码\RedBook\RedBook\internalapi\RedbookCommon.ashx.cs:行号 40
   在 RedBook.internalapi.RedbookCommon.ProcessRequest(HttpContext context) 位置 C:\project\RedBook\01工程\03编码\RedBook\RedBook\internalapi\RedbookCommon.ashx.cs:行号 23
   在 System.Web.HttpApplication.CallHandlerExecutionStep.System.Web.HttpApplication.IExecutionStep.Execute()
   在 System.Web.HttpApplication.ExecuteStep(IExecutionStep step, Boolean& completedSynchronously)
--------------------------------------------------------------------------------------------------
2017.03.23 16:05:53
.客户信息：
	Ip:::1
	浏览器:Chrome
	浏览器版本:55
	操作系统:WinNT
.错误信息：
	页面：http://localhost:8095/internalapi/RedbookCommon.ashx?action=getBookContent&bookid=9667A4C3-CC00-4C83-952D-A33B65F47722
	错误信息：远程服务器返回错误: (500) 内部服务器错误。
	错误源：System
	异常方法：System.Net.WebResponse GetResponse()
	堆栈信息：   在 System.Net.HttpWebRequest.GetResponse()
   在 Taotaole.Common.WebUtils.DoPost(String url, String value) 位置 C:\project\RedBook\01工程\03编码\RedBook\Taotaole.Common\WebUtils.cs:行号 80
   在 RedBook.internalapi.RedbookCommon.getBookContent(HttpContext context) 位置 C:\project\RedBook\01工程\03编码\RedBook\RedBook\internalapi\RedbookCommon.ashx.cs:行号 40
   在 RedBook.internalapi.RedbookCommon.ProcessRequest(HttpContext context) 位置 C:\project\RedBook\01工程\03编码\RedBook\RedBook\internalapi\RedbookCommon.ashx.cs:行号 23
   在 System.Web.HttpApplication.CallHandlerExecutionStep.System.Web.HttpApplication.IExecutionStep.Execute()
   在 System.Web.HttpApplication.ExecuteStep(IExecutionStep step, Boolean& completedSynchronously)
--------------------------------------------------------------------------------------------------